<?xml version="1.0" encoding="UTF-8"?>
<!-- Generated by org.testng.reporters.JUnitReportReporter -->
<testsuite skipped="0" hostname="cal-ohayla" name="booking.automationtask.TestNGBooking" tests="2" failures="0" timestamp="2021-01-24T18:28:07 EET" time="8.025" errors="0">
  <testcase name="selectDateAndSearch" time="7.352" classname="booking.automationtask.TestNGBooking"/>
  <system-out/>
  <testcase name="getHotelNamepriceandimage" time="0.673" classname="booking.automationtask.TestNGBooking"/>
  <system-out/>
</testsuite> <!-- booking.automationtask.TestNGBooking -->
